<?xml version="1.0" encoding="UTF-8"?>
<!-- Generated by org.testng.reporters.JUnitXMLReporter -->
<testsuite hostname="LAPTOP-JV32U9IB" ignored="0" name="Test" tests="4" failures="0" timestamp="2022-08-25T15:30:47 IST" time="12.377" errors="0">
  <testcase name="launchGoogle1" time="11.995" classname="TestngPack.Class1"/>
  <testcase name="launchGoogle1" time="12.038" classname="TestngPack.Class4"/>
  <testcase name="launchGoogle1" time="12.099" classname="TestngPack.Class2"/>
  <testcase name="launchGoogle1" time="12.311" classname="TestngPack.Class3"/>
</testsuite> <!-- Test -->
